Mar 16, 2016 9:06:33 PM server.StoreAndRetrieveUnit <init>
INFO: Starting up SPAM...
Mar 17, 2016 11:53:20 AM server.StoreAndRetrieveUnit <init>
INFO: Starting up SPAM...
Mar 17, 2016 11:53:41 AM server.StoreAndRetrieveUnit <init>
INFO: Starting up SPAM...
Mar 17, 2016 11:56:09 AM server.StoreAndRetrieveUnit <init>
INFO: Starting up SPAM...
Mar 17, 2016 11:56:22 AM server.StoreAndRetrieveUnit register_new_user
INFO: User nulltried to register
Mar 17, 2016 11:56:31 AM server.StoreAndRetrieveUnit login_user
INFO: User nulltried to log in
Mar 17, 2016 12:43:10 PM server.StoreAndRetrieveUnit <init>
INFO: Starting up SPAM...
Mar 17, 2016 12:43:23 PM server.StoreAndRetrieveUnit register_new_user
INFO: User email tried to register
Mar 17, 2016 12:43:23 PM server.StoreAndRetrieveUnit register_new_user
INFO: Created new user
Mar 17, 2016 12:43:57 PM server.StoreAndRetrieveUnit obliterate
WARNING: User email requesting deletion of entire record directory
Mar 17, 2016 12:43:57 PM server.StoreAndRetrieveUnit obliterate
INFO: User email deleted entire record directory
Mar 17, 2016 12:44:05 PM server.StoreAndRetrieveUnit login_user
INFO: User email tried to log in
Mar 17, 2016 8:07:26 PM server.StoreAndRetrieveUnit <init>
INFO: Starting up SPAM...
Mar 17, 2016 8:07:39 PM server.StoreAndRetrieveUnit login_user
INFO: User em tried to log in
Mar 17, 2016 8:12:48 PM server.StoreAndRetrieveUnit <init>
INFO: Starting up SPAM...
Mar 17, 2016 8:12:56 PM server.StoreAndRetrieveUnit login_user
INFO: User em tried to log in
Mar 17, 2016 8:12:57 PM server.StoreAndRetrieveUnit list_items
INFO: User em requesting full record listing
Mar 17, 2016 8:14:46 PM server.StoreAndRetrieveUnit obliterate
WARNING: User em requesting deletion of entire record directory
Mar 17, 2016 8:14:46 PM server.StoreAndRetrieveUnit obliterate
INFO: User em deleted entire record directory
Mar 17, 2016 8:15:26 PM server.StoreAndRetrieveUnit register_new_user
INFO: User  tried to register
Mar 17, 2016 8:15:26 PM server.StoreAndRetrieveUnit register_new_user
INFO: Created new user
